<?xml version="1.0" encoding="UTF-8"?>
<!-- Generated by org.testng.reporters.JUnitXMLReporter -->
<testsuite ignored="4" hostname="DESKTOP-PEV64MN" failures="0" tests="4" name="Test" time="0.041" errors="0" timestamp="04 Jul 2023 16:10:30 GMT">
  <testcase classname="TestCases.BaseClass" name="@AfterMethod method2" time="0.0">
    <failure type="java.lang.Error" message="Unresolved compilation problems: 
	Syntax error, insert &amp;quot;VariableDeclarators&amp;quot; to complete LocalVariableDeclaration
	Syntax error, insert &amp;quot;;&amp;quot; to complete LocalVariableDeclarationStatement
	L cannot be resolved
">
      <![CDATA[java.lang.Error: Unresolved compilation problems: 
Syntax error, insert "VariableDeclarators" to complete LocalVariableDeclaration
Syntax error, insert ";" to complete LocalVariableDeclarationStatement
L cannot be resolved

at TestCases.BaseClass.method2(BaseClass.java:24)
... Removed 28 stack frames]]>
    </failure>
  </testcase> <!-- @AfterMethod method2 -->
  <testcase classname="TestCases.BaseClass" name="@AfterMethod method2" time="0.001">
    <failure type="java.lang.Error" message="Unresolved compilation problems: 
	Syntax error, insert &amp;quot;VariableDeclarators&amp;quot; to complete LocalVariableDeclaration
	Syntax error, insert &amp;quot;;&amp;quot; to complete LocalVariableDeclarationStatement
	L cannot be resolved
">
      <![CDATA[java.lang.Error: Unresolved compilation problems: 
Syntax error, insert "VariableDeclarators" to complete LocalVariableDeclaration
Syntax error, insert ";" to complete LocalVariableDeclarationStatement
L cannot be resolved

at TestCases.BaseClass.method2(BaseClass.java:24)
... Removed 28 stack frames]]>
    </failure>
  </testcase> <!-- @AfterMethod method2 -->
  <testcase classname="TestCases.BaseClass" name="@AfterMethod method2" time="0.0">
    <failure type="java.lang.Error" message="Unresolved compilation problems: 
	Syntax error, insert &amp;quot;VariableDeclarators&amp;quot; to complete LocalVariableDeclaration
	Syntax error, insert &amp;quot;;&amp;quot; to complete LocalVariableDeclarationStatement
	L cannot be resolved
">
      <![CDATA[java.lang.Error: Unresolved compilation problems: 
Syntax error, insert "VariableDeclarators" to complete LocalVariableDeclaration
Syntax error, insert ";" to complete LocalVariableDeclarationStatement
L cannot be resolved

at TestCases.BaseClass.method2(BaseClass.java:24)
... Removed 28 stack frames]]>
    </failure>
  </testcase> <!-- @AfterMethod method2 -->
  <testcase classname="TestCases.BaseClass" name="@AfterMethod method2" time="0.0">
    <failure type="java.lang.Error" message="Unresolved compilation problems: 
	Syntax error, insert &amp;quot;VariableDeclarators&amp;quot; to complete LocalVariableDeclaration
	Syntax error, insert &amp;quot;;&amp;quot; to complete LocalVariableDeclarationStatement
	L cannot be resolved
">
      <![CDATA[java.lang.Error: Unresolved compilation problems: 
Syntax error, insert "VariableDeclarators" to complete LocalVariableDeclaration
Syntax error, insert ";" to complete LocalVariableDeclarationStatement
L cannot be resolved

at TestCases.BaseClass.method2(BaseClass.java:24)
... Removed 28 stack frames]]>
    </failure>
  </testcase> <!-- @AfterMethod method2 -->
  <testcase classname="TestCases.HomeloanTest" name="test2" time="0.004"/>
  <testcase classname="TestCases.HomeloanTest" name="test1" time="0.0">
    <skipped/>
  </testcase> <!-- test1 -->
  <testcase classname="TestCases.CreditCardTest" name="test4" time="0.001"/>
  <testcase classname="TestCases.CarLoanTest" name="test3" time="0.001"/>
  <testcase classname="TestCases.BaseClass" name="@AfterTest method4" time="0.0">
    <ignored/>
  </testcase> <!-- @AfterTest method4 -->
  <testcase classname="TestCases.BaseClass" name="@AfterTest method4" time="0.0">
    <ignored/>
  </testcase> <!-- @AfterTest method4 -->
  <testcase classname="TestCases.BaseClass" name="@BeforeTest method3" time="0.0">
    <ignored/>
  </testcase> <!-- @BeforeTest method3 -->
  <testcase classname="TestCases.BaseClass" name="@BeforeTest method3" time="0.0">
    <ignored/>
  </testcase> <!-- @BeforeTest method3 -->
</testsuite> <!-- Test -->
